2021-12-19 15:22:58.739  INFO 18420 --- [restartedMain] com.jwt.Jwt2Application                  : Starting Jwt2Application using Java 11.0.13 on DESKTOP-KNTFEUV with PID 18420 (C:\Users\Komal Gaidhani\Documents\JavaWorkspace\JWT2\target\classes started by Komal Gaidhani in C:\Users\Komal Gaidhani\Documents\JavaWorkspace\JWT2)
2021-12-19 15:22:58.743 DEBUG 18420 --- [restartedMain] com.jwt.Jwt2Application                  : Running with Spring Boot v2.6.1, Spring v5.3.13
2021-12-19 15:22:58.743  INFO 18420 --- [restartedMain] com.jwt.Jwt2Application                  : No active profile set, falling back to default profiles: default
2021-12-19 15:22:58.782  INFO 18420 --- [restartedMain] .e.DevToolsPropertyDefaultsPostProcessor : Devtools property defaults active! Set 'spring.devtools.add-properties' to 'false' to disable
2021-12-19 15:22:58.782  INFO 18420 --- [restartedMain] .e.DevToolsPropertyDefaultsPostProcessor : For additional web related logging consider setting the 'logging.level.web' property to 'DEBUG'
2021-12-19 15:22:59.356  INFO 18420 --- [restartedMain] .s.d.r.c.RepositoryConfigurationDelegate : Bootstrapping Spring Data JPA repositories in DEFAULT mode.
2021-12-19 15:22:59.488  INFO 18420 --- [restartedMain] .s.d.r.c.RepositoryConfigurationDelegate : Finished Spring Data repository scanning in 126 ms. Found 2 JPA repository interfaces.
2021-12-19 15:22:59.709  INFO 18420 --- [restartedMain] o.s.cloud.context.scope.GenericScope     : BeanFactory id=090904e2-21db-351d-9825-eb89b7946aed
2021-12-19 15:23:00.191  INFO 18420 --- [restartedMain] o.s.b.w.embedded.tomcat.TomcatWebServer  : Tomcat initialized with port(s): 8075 (http)
2021-12-19 15:23:00.201  INFO 18420 --- [restartedMain] o.apache.catalina.core.StandardService   : Starting service [Tomcat]
2021-12-19 15:23:00.201  INFO 18420 --- [restartedMain] org.apache.catalina.core.StandardEngine  : Starting Servlet engine: [Apache Tomcat/9.0.55]
2021-12-19 15:23:00.284  INFO 18420 --- [restartedMain] o.a.c.c.C.[Tomcat].[localhost].[/]       : Initializing Spring embedded WebApplicationContext
2021-12-19 15:23:00.284  INFO 18420 --- [restartedMain] w.s.c.ServletWebServerApplicationContext : Root WebApplicationContext: initialization completed in 1502 ms
2021-12-19 15:23:00.422  INFO 18420 --- [restartedMain] o.hibernate.jpa.internal.util.LogHelper  : HHH000204: Processing PersistenceUnitInfo [name: default]
2021-12-19 15:23:00.459  INFO 18420 --- [restartedMain] org.hibernate.Version                    : HHH000412: Hibernate ORM core version 5.6.1.Final
2021-12-19 15:23:00.575  INFO 18420 --- [restartedMain] o.hibernate.annotations.common.Version   : HCANN000001: Hibernate Commons Annotations {5.1.2.Final}
2021-12-19 15:23:00.650  INFO 18420 --- [restartedMain] com.zaxxer.hikari.HikariDataSource       : HikariPool-1 - Starting...
2021-12-19 15:23:00.936  INFO 18420 --- [restartedMain] com.zaxxer.hikari.HikariDataSource       : HikariPool-1 - Start completed.
2021-12-19 15:23:00.947  INFO 18420 --- [restartedMain] org.hibernate.dialect.Dialect            : HHH000400: Using dialect: org.hibernate.dialect.MySQL8Dialect
2021-12-19 15:23:01.572  INFO 18420 --- [restartedMain] o.h.e.t.j.p.i.JtaPlatformInitiator       : HHH000490: Using JtaPlatform implementation: [org.hibernate.engine.transaction.jta.platform.internal.NoJtaPlatform]
2021-12-19 15:23:01.579  INFO 18420 --- [restartedMain] j.LocalContainerEntityManagerFactoryBean : Initialized JPA EntityManagerFactory for persistence unit 'default'
2021-12-19 15:23:01.847 DEBUG 18420 --- [restartedMain] com.jwt.filters.JwtRequestFilter         : Filter 'jwtRequestFilter' configured for use
2021-12-19 15:23:01.895  WARN 18420 --- [restartedMain] JpaBaseConfiguration$JpaWebConfiguration : spring.jpa.open-in-view is enabled by default. Therefore, database queries may be performed during view rendering. Explicitly configure spring.jpa.open-in-view to disable this warning
2021-12-19 15:23:02.049  INFO 18420 --- [restartedMain] o.s.s.web.DefaultSecurityFilterChain     : Will secure any request with [org.springframework.security.web.context.request.async.WebAsyncManagerIntegrationFilter@6254400, org.springframework.security.web.context.SecurityContextPersistenceFilter@2cc511ec, org.springframework.security.web.header.HeaderWriterFilter@5c716a72, org.springframework.security.web.authentication.logout.LogoutFilter@673ae7d0, com.jwt.filters.JwtRequestFilter@658d66aa, org.springframework.security.web.savedrequest.RequestCacheAwareFilter@7354247a, org.springframework.security.web.servletapi.SecurityContextHolderAwareRequestFilter@391f86e8, org.springframework.security.web.authentication.AnonymousAuthenticationFilter@62358eb9, org.springframework.security.web.session.SessionManagementFilter@3d70ea85, org.springframework.security.web.access.ExceptionTranslationFilter@51af11c6, org.springframework.security.web.access.intercept.FilterSecurityInterceptor@4893f9db]
2021-12-19 15:23:02.363  WARN 18420 --- [restartedMain] o.s.b.d.a.OptionalLiveReloadServer       : Unable to start LiveReload server
2021-12-19 15:23:02.534  INFO 18420 --- [restartedMain] DiscoveryClientOptionalArgsConfiguration : Eureka HTTP Client uses RestTemplate.
2021-12-19 15:23:02.733  WARN 18420 --- [restartedMain] iguration$LoadBalancerCaffeineWarnLogger : Spring Cloud LoadBalancer is currently working with the default cache. You can switch to using Caffeine cache, by adding it and org.springframework.cache.caffeine.CaffeineCacheManager to the classpath.
2021-12-19 15:23:02.794  INFO 18420 --- [restartedMain] o.s.c.n.eureka.InstanceInfoFactory       : Setting initial instance status as: STARTING
2021-12-19 15:23:02.832  INFO 18420 --- [restartedMain] com.netflix.discovery.DiscoveryClient    : Initializing Eureka in region us-east-1
2021-12-19 15:23:02.837  INFO 18420 --- [restartedMain] c.n.d.s.r.aws.ConfigClusterResolver      : Resolving eureka endpoints via configuration
2021-12-19 15:23:02.866  INFO 18420 --- [restartedMain] com.netflix.discovery.DiscoveryClient    : Disable delta property : false
2021-12-19 15:23:02.866  INFO 18420 --- [restartedMain] com.netflix.discovery.DiscoveryClient    : Single vip registry refresh property : null
2021-12-19 15:23:02.866  INFO 18420 --- [restartedMain] com.netflix.discovery.DiscoveryClient    : Force full registry fetch : false
2021-12-19 15:23:02.867  INFO 18420 --- [restartedMain] com.netflix.discovery.DiscoveryClient    : Application is null : false
2021-12-19 15:23:02.867  INFO 18420 --- [restartedMain] com.netflix.discovery.DiscoveryClient    : Registered Applications size is zero : true
2021-12-19 15:23:02.867  INFO 18420 --- [restartedMain] com.netflix.discovery.DiscoveryClient    : Application version is -1: true
2021-12-19 15:23:02.867  INFO 18420 --- [restartedMain] com.netflix.discovery.DiscoveryClient    : Getting all instance registry info from the eureka server
2021-12-19 15:23:03.167  INFO 18420 --- [restartedMain] com.netflix.discovery.DiscoveryClient    : The response status is 200
2021-12-19 15:23:03.169  INFO 18420 --- [restartedMain] com.netflix.discovery.DiscoveryClient    : Starting heartbeat executor: renew interval is: 30
2021-12-19 15:23:03.172  INFO 18420 --- [restartedMain] c.n.discovery.InstanceInfoReplicator     : InstanceInfoReplicator onDemand update allowed rate per min is 4
2021-12-19 15:23:03.176  INFO 18420 --- [restartedMain] com.netflix.discovery.DiscoveryClient    : Discovery Client initialized at timestamp 1639907583175 with initial instances count: 1
2021-12-19 15:23:03.178  INFO 18420 --- [restartedMain] o.s.c.n.e.s.EurekaServiceRegistry        : Registering application USER with eureka with status UP
2021-12-19 15:23:03.179  INFO 18420 --- [restartedMain] com.netflix.discovery.DiscoveryClient    : Saw local status change event StatusChangeEvent [timestamp=1639907583179, current=UP, previous=STARTING]
2021-12-19 15:23:03.180  INFO 18420 --- [DiscoveryClient-InstanceInfoReplicator-0] com.netflix.discovery.DiscoveryClient    : DiscoveryClient_USER/DESKTOP-KNTFEUV:user:8075: registering service...
2021-12-19 15:23:03.205  INFO 18420 --- [restartedMain] o.s.b.w.embedded.tomcat.TomcatWebServer  : Tomcat started on port(s): 8075 (http) with context path ''
2021-12-19 15:23:03.206  INFO 18420 --- [restartedMain] .s.c.n.e.s.EurekaAutoServiceRegistration : Updating port to 8075
2021-12-19 15:23:03.231  INFO 18420 --- [DiscoveryClient-InstanceInfoReplicator-0] com.netflix.discovery.DiscoveryClient    : DiscoveryClient_USER/DESKTOP-KNTFEUV:user:8075 - registration status: 204
2021-12-19 15:23:03.413  INFO 18420 --- [restartedMain] com.jwt.Jwt2Application                  : Started Jwt2Application in 5.128 seconds (JVM running for 5.805)
2021-12-19 15:23:19.097  INFO 18420 --- [http-nio-8075-exec-2] o.a.c.c.C.[Tomcat].[localhost].[/]       : Initializing Spring DispatcherServlet 'dispatcherServlet'
2021-12-19 15:23:19.097  INFO 18420 --- [http-nio-8075-exec-2] o.s.web.servlet.DispatcherServlet        : Initializing Servlet 'dispatcherServlet'
2021-12-19 15:23:19.099  INFO 18420 --- [http-nio-8075-exec-2] o.s.web.servlet.DispatcherServlet        : Completed initialization in 2 ms
2021-12-19 15:23:19.177  INFO 18420 --- [http-nio-8075-exec-2] com.jwt.controller.LoginController       : inside /login
2021-12-19 15:23:55.457  INFO 18420 --- [http-nio-8075-exec-4] com.jwt.controller.LoginController       : inside /login
2021-12-19 15:25:51.347  INFO 18420 --- [Thread-1] o.s.c.n.e.s.EurekaServiceRegistry        : Unregistering application USER with eureka with status DOWN
2021-12-19 15:25:51.348  INFO 18420 --- [Thread-1] com.netflix.discovery.DiscoveryClient    : Saw local status change event StatusChangeEvent [timestamp=1639907751348, current=DOWN, previous=UP]
2021-12-19 15:25:51.348  INFO 18420 --- [DiscoveryClient-InstanceInfoReplicator-0] com.netflix.discovery.DiscoveryClient    : DiscoveryClient_USER/DESKTOP-KNTFEUV:user:8075: registering service...
2021-12-19 15:25:51.358  INFO 18420 --- [DiscoveryClient-InstanceInfoReplicator-0] com.netflix.discovery.DiscoveryClient    : DiscoveryClient_USER/DESKTOP-KNTFEUV:user:8075 - registration status: 204
2021-12-19 15:25:51.433  INFO 18420 --- [Thread-1] j.LocalContainerEntityManagerFactoryBean : Closing JPA EntityManagerFactory for persistence unit 'default'
2021-12-19 15:25:51.436  INFO 18420 --- [Thread-1] com.zaxxer.hikari.HikariDataSource       : HikariPool-1 - Shutdown initiated...
2021-12-19 15:25:51.444  INFO 18420 --- [Thread-1] com.zaxxer.hikari.HikariDataSource       : HikariPool-1 - Shutdown completed.
2021-12-19 15:25:51.444  INFO 18420 --- [Thread-1] com.netflix.discovery.DiscoveryClient    : Shutting down DiscoveryClient ...
2021-12-19 15:25:54.462  INFO 18420 --- [Thread-1] com.netflix.discovery.DiscoveryClient    : Unregistering ...
2021-12-19 15:25:54.479  INFO 18420 --- [Thread-1] com.netflix.discovery.DiscoveryClient    : DiscoveryClient_USER/DESKTOP-KNTFEUV:user:8075 - deregister  status: 200
2021-12-19 15:25:54.483  INFO 18420 --- [Thread-1] com.netflix.discovery.DiscoveryClient    : Completed shut down of DiscoveryClient
2021-12-19 15:25:54.686  INFO 18420 --- [restartedMain] com.jwt.Jwt2Application                  : Starting Jwt2Application using Java 11.0.13 on DESKTOP-KNTFEUV with PID 18420 (C:\Users\Komal Gaidhani\Documents\JavaWorkspace\JWT2\target\classes started by Komal Gaidhani in C:\Users\Komal Gaidhani\Documents\JavaWorkspace\JWT2)
2021-12-19 15:25:54.687 DEBUG 18420 --- [restartedMain] com.jwt.Jwt2Application                  : Running with Spring Boot v2.6.1, Spring v5.3.13
2021-12-19 15:25:54.687  INFO 18420 --- [restartedMain] com.jwt.Jwt2Application                  : No active profile set, falling back to default profiles: default
2021-12-19 15:25:54.833  INFO 18420 --- [restartedMain] .s.d.r.c.RepositoryConfigurationDelegate : Bootstrapping Spring Data JPA repositories in DEFAULT mode.
2021-12-19 15:25:54.843  INFO 18420 --- [restartedMain] .s.d.r.c.RepositoryConfigurationDelegate : Finished Spring Data repository scanning in 9 ms. Found 2 JPA repository interfaces.
2021-12-19 15:25:54.896  INFO 18420 --- [restartedMain] o.s.cloud.context.scope.GenericScope     : BeanFactory id=090904e2-21db-351d-9825-eb89b7946aed
2021-12-19 15:25:54.956  INFO 18420 --- [restartedMain] o.s.b.w.embedded.tomcat.TomcatWebServer  : Tomcat initialized with port(s): 8075 (http)
2021-12-19 15:25:54.957  INFO 18420 --- [restartedMain] o.apache.catalina.core.StandardService   : Starting service [Tomcat]
2021-12-19 15:25:54.957  INFO 18420 --- [restartedMain] org.apache.catalina.core.StandardEngine  : Starting Servlet engine: [Apache Tomcat/9.0.55]
2021-12-19 15:25:54.972  INFO 18420 --- [restartedMain] o.a.c.c.C.[Tomcat].[localhost].[/]       : Initializing Spring embedded WebApplicationContext
2021-12-19 15:25:54.972  INFO 18420 --- [restartedMain] w.s.c.ServletWebServerApplicationContext : Root WebApplicationContext: initialization completed in 284 ms
2021-12-19 15:25:54.996  INFO 18420 --- [restartedMain] o.hibernate.jpa.internal.util.LogHelper  : HHH000204: Processing PersistenceUnitInfo [name: default]
2021-12-19 15:25:55.000  INFO 18420 --- [restartedMain] com.zaxxer.hikari.HikariDataSource       : HikariPool-2 - Starting...
2021-12-19 15:25:55.018  INFO 18420 --- [restartedMain] com.zaxxer.hikari.HikariDataSource       : HikariPool-2 - Start completed.
2021-12-19 15:25:55.018  INFO 18420 --- [restartedMain] org.hibernate.dialect.Dialect            : HHH000400: Using dialect: org.hibernate.dialect.MySQL8Dialect
2021-12-19 15:25:55.064  INFO 18420 --- [restartedMain] o.h.e.t.j.p.i.JtaPlatformInitiator       : HHH000490: Using JtaPlatform implementation: [org.hibernate.engine.transaction.jta.platform.internal.NoJtaPlatform]
2021-12-19 15:25:55.065  INFO 18420 --- [restartedMain] j.LocalContainerEntityManagerFactoryBean : Initialized JPA EntityManagerFactory for persistence unit 'default'
2021-12-19 15:25:55.112 DEBUG 18420 --- [restartedMain] com.jwt.filters.JwtRequestFilter         : Filter 'jwtRequestFilter' configured for use
2021-12-19 15:25:55.125  WARN 18420 --- [restartedMain] JpaBaseConfiguration$JpaWebConfiguration : spring.jpa.open-in-view is enabled by default. Therefore, database queries may be performed during view rendering. Explicitly configure spring.jpa.open-in-view to disable this warning
2021-12-19 15:25:55.162  INFO 18420 --- [restartedMain] o.s.s.web.DefaultSecurityFilterChain     : Will secure any request with [org.springframework.security.web.context.request.async.WebAsyncManagerIntegrationFilter@3af8240e, org.springframework.security.web.context.SecurityContextPersistenceFilter@63bab334, org.springframework.security.web.header.HeaderWriterFilter@5fad6f71, org.springframework.security.web.authentication.logout.LogoutFilter@39def83, com.jwt.filters.JwtRequestFilter@66e7e6f5, org.springframework.security.web.savedrequest.RequestCacheAwareFilter@5323e67d, org.springframework.security.web.servletapi.SecurityContextHolderAwareRequestFilter@67c1dd8f, org.springframework.security.web.authentication.AnonymousAuthenticationFilter@2a076e06, org.springframework.security.web.session.SessionManagementFilter@56408b71, org.springframework.security.web.access.ExceptionTranslationFilter@4caf80ce, org.springframework.security.web.access.intercept.FilterSecurityInterceptor@70d37144]
2021-12-19 15:25:55.246  WARN 18420 --- [restartedMain] o.s.b.d.a.OptionalLiveReloadServer       : Unable to start LiveReload server
2021-12-19 15:25:55.369  INFO 18420 --- [restartedMain] DiscoveryClientOptionalArgsConfiguration : Eureka HTTP Client uses RestTemplate.
2021-12-19 15:25:55.497  WARN 18420 --- [restartedMain] iguration$LoadBalancerCaffeineWarnLogger : Spring Cloud LoadBalancer is currently working with the default cache. You can switch to using Caffeine cache, by adding it and org.springframework.cache.caffeine.CaffeineCacheManager to the classpath.
2021-12-19 15:25:55.512  INFO 18420 --- [restartedMain] o.s.c.n.eureka.InstanceInfoFactory       : Setting initial instance status as: STARTING
2021-12-19 15:25:55.514  INFO 18420 --- [restartedMain] com.netflix.discovery.DiscoveryClient    : Initializing Eureka in region us-east-1
2021-12-19 15:25:55.514  INFO 18420 --- [restartedMain] c.n.d.s.r.aws.ConfigClusterResolver      : Resolving eureka endpoints via configuration
2021-12-19 15:25:55.522  INFO 18420 --- [restartedMain] com.netflix.discovery.DiscoveryClient    : Disable delta property : false
2021-12-19 15:25:55.522  INFO 18420 --- [restartedMain] com.netflix.discovery.DiscoveryClient    : Single vip registry refresh property : null
2021-12-19 15:25:55.522  INFO 18420 --- [restartedMain] com.netflix.discovery.DiscoveryClient    : Force full registry fetch : false
2021-12-19 15:25:55.522  INFO 18420 --- [restartedMain] com.netflix.discovery.DiscoveryClient    : Application is null : false
2021-12-19 15:25:55.522  INFO 18420 --- [restartedMain] com.netflix.discovery.DiscoveryClient    : Registered Applications size is zero : true
2021-12-19 15:25:55.522  INFO 18420 --- [restartedMain] com.netflix.discovery.DiscoveryClient    : Application version is -1: true
2021-12-19 15:25:55.522  INFO 18420 --- [restartedMain] com.netflix.discovery.DiscoveryClient    : Getting all instance registry info from the eureka server
2021-12-19 15:25:55.537  INFO 18420 --- [restartedMain] com.netflix.discovery.DiscoveryClient    : The response status is 200
2021-12-19 15:25:55.538  INFO 18420 --- [restartedMain] com.netflix.discovery.DiscoveryClient    : Starting heartbeat executor: renew interval is: 30
2021-12-19 15:25:55.538  INFO 18420 --- [restartedMain] c.n.discovery.InstanceInfoReplicator     : InstanceInfoReplicator onDemand update allowed rate per min is 4
2021-12-19 15:25:55.539  INFO 18420 --- [restartedMain] com.netflix.discovery.DiscoveryClient    : Discovery Client initialized at timestamp 1639907755539 with initial instances count: 2
2021-12-19 15:25:55.540  INFO 18420 --- [restartedMain] o.s.c.n.e.s.EurekaServiceRegistry        : Registering application USER with eureka with status UP
2021-12-19 15:25:55.540  INFO 18420 --- [restartedMain] com.netflix.discovery.DiscoveryClient    : Saw local status change event StatusChangeEvent [timestamp=1639907755540, current=UP, previous=STARTING]
2021-12-19 15:25:55.540  INFO 18420 --- [DiscoveryClient-InstanceInfoReplicator-0] com.netflix.discovery.DiscoveryClient    : DiscoveryClient_USER/DESKTOP-KNTFEUV:user:8075: registering service...
2021-12-19 15:25:55.543  INFO 18420 --- [restartedMain] o.s.b.w.embedded.tomcat.TomcatWebServer  : Tomcat started on port(s): 8075 (http) with context path ''
2021-12-19 15:25:55.543  INFO 18420 --- [restartedMain] .s.c.n.e.s.EurekaAutoServiceRegistration : Updating port to 8075
2021-12-19 15:25:55.554  INFO 18420 --- [DiscoveryClient-InstanceInfoReplicator-0] com.netflix.discovery.DiscoveryClient    : DiscoveryClient_USER/DESKTOP-KNTFEUV:user:8075 - registration status: 204
2021-12-19 15:25:55.660  INFO 18420 --- [restartedMain] com.jwt.Jwt2Application                  : Started Jwt2Application in 1.109 seconds (JVM running for 178.053)
2021-12-19 15:25:55.662  INFO 18420 --- [restartedMain] .ConditionEvaluationDeltaLoggingListener : Condition evaluation unchanged
2021-12-19 15:26:29.280  INFO 18420 --- [http-nio-8075-exec-2] o.a.c.c.C.[Tomcat].[localhost].[/]       : Initializing Spring DispatcherServlet 'dispatcherServlet'
2021-12-19 15:26:29.280  INFO 18420 --- [http-nio-8075-exec-2] o.s.web.servlet.DispatcherServlet        : Initializing Servlet 'dispatcherServlet'
2021-12-19 15:26:29.282  INFO 18420 --- [http-nio-8075-exec-2] o.s.web.servlet.DispatcherServlet        : Completed initialization in 1 ms
2021-12-19 15:26:58.580  INFO 18420 --- [http-nio-8075-exec-4] com.jwt.controller.LoginController       : inside /login
2021-12-19 15:27:29.129  INFO 18420 --- [http-nio-8075-exec-6] com.jwt.controller.LoginController       : inside /login
2021-12-19 15:28:05.724  INFO 18420 --- [RMI TCP Connection(16)-127.0.0.1] inMXBeanRegistrar$SpringApplicationAdmin : Application shutdown requested.
2021-12-19 15:28:05.725  INFO 18420 --- [RMI TCP Connection(16)-127.0.0.1] o.s.c.n.e.s.EurekaServiceRegistry        : Unregistering application USER with eureka with status DOWN
2021-12-19 15:28:05.725  INFO 18420 --- [RMI TCP Connection(16)-127.0.0.1] com.netflix.discovery.DiscoveryClient    : Saw local status change event StatusChangeEvent [timestamp=1639907885725, current=DOWN, previous=UP]
2021-12-19 15:28:05.726  INFO 18420 --- [DiscoveryClient-InstanceInfoReplicator-0] com.netflix.discovery.DiscoveryClient    : DiscoveryClient_USER/DESKTOP-KNTFEUV:user:8075: registering service...
2021-12-19 15:28:05.734  INFO 18420 --- [DiscoveryClient-InstanceInfoReplicator-0] com.netflix.discovery.DiscoveryClient    : DiscoveryClient_USER/DESKTOP-KNTFEUV:user:8075 - registration status: 204
2021-12-19 15:28:05.800  INFO 18420 --- [RMI TCP Connection(16)-127.0.0.1] j.LocalContainerEntityManagerFactoryBean : Closing JPA EntityManagerFactory for persistence unit 'default'
2021-12-19 15:28:05.801  INFO 18420 --- [RMI TCP Connection(16)-127.0.0.1] com.zaxxer.hikari.HikariDataSource       : HikariPool-2 - Shutdown initiated...
2021-12-19 15:28:05.807  INFO 18420 --- [RMI TCP Connection(16)-127.0.0.1] com.zaxxer.hikari.HikariDataSource       : HikariPool-2 - Shutdown completed.
2021-12-19 15:28:05.807  INFO 18420 --- [RMI TCP Connection(16)-127.0.0.1] com.netflix.discovery.DiscoveryClient    : Shutting down DiscoveryClient ...
2021-12-19 15:28:08.826  INFO 18420 --- [RMI TCP Connection(16)-127.0.0.1] com.netflix.discovery.DiscoveryClient    : Unregistering ...
2021-12-19 15:28:08.839  INFO 18420 --- [RMI TCP Connection(16)-127.0.0.1] com.netflix.discovery.DiscoveryClient    : DiscoveryClient_USER/DESKTOP-KNTFEUV:user:8075 - deregister  status: 200
2021-12-19 15:28:08.842  INFO 18420 --- [RMI TCP Connection(16)-127.0.0.1] com.netflix.discovery.DiscoveryClient    : Completed shut down of DiscoveryClient
